-------------------------------------------------------------------------------
Test set: de.bitocean.crunchts.sessionization.KnowledgeBaseSessionizationTest
-------------------------------------------------------------------------------
Tests run: 3, Failures: 0, Errors: 3, Skipped: 0, Time elapsed: 0.142 sec <<< FAILURE!
testWebLogSessionizationFn(de.bitocean.crunchts.sessionization.KnowledgeBaseSessionizationTest)  Time elapsed: 0.03 sec  <<< ERROR!
java.lang.Error: Unresolved compilation problems: 
	The import com.loudacre.data.WebHit cannot be resolved
	WebHit cannot be resolved to a type
	Bound mismatch: The generic method specifics(Class<T>) of type Avros is not applicable for the arguments (Class<WebHit>). The inferred type WebHit is not a valid substitute for the bounded parameter <T extends SpecificRecord>
	WebHit cannot be resolved to a type
	WebHit cannot be resolved to a type
	WebHit cannot be resolved to a type
	WebHit cannot be resolved to a type
	The constructor Pair<String,Pair<Long,WebHit>>(String, Pair<Long,WebHit>) refers to the missing type WebHit
	WebHit cannot be resolved to a type
	WebHit cannot be resolved to a type
	WebHit cannot be resolved to a type
	WebHit cannot be resolved to a type
	The method createWebHitPair(String, long, String) from the type KnowledgeBaseSessionizationTest refers to the missing type WebHit
	The method createWebHitPair(String, long, String) from the type KnowledgeBaseSessionizationTest refers to the missing type WebHit
	The method createWebHitPair(String, long, String) from the type KnowledgeBaseSessionizationTest refers to the missing type WebHit
	WebHit cannot be resolved to a type
	WebHit cannot be resolved to a type
	WebHit cannot be resolved to a type
	WebHit cannot be resolved to a type
	WebHit cannot be resolved to a type
	The method createWebHitPair(String, long, String) from the type KnowledgeBaseSessionizationTest refers to the missing type WebHit
	The method createWebHitPair(String, long, String) from the type KnowledgeBaseSessionizationTest refers to the missing type WebHit
	The method createWebHitPair(String, long, String) from the type KnowledgeBaseSessionizationTest refers to the missing type WebHit
	The method createWebHitPair(String, long, String) from the type KnowledgeBaseSessionizationTest refers to the missing type WebHit
	WebHit cannot be resolved to a type
	WebHit cannot be resolved to a type
	WebHit cannot be resolved to a type
	WebHit cannot be resolved to a type
	WebHit cannot be resolved to a type
	WebHit cannot be resolved to a type

	at de.bitocean.crunchts.sessionization.KnowledgeBaseSessionizationTest.<init>(KnowledgeBaseSessionizationTest.java:18)
	at sun.reflect.NativeConstructorAccessorImpl.newInstance0(Native Method)
	at sun.reflect.NativeConstructorAccessorImpl.newInstance(NativeConstructorAccessorImpl.java:39)
	at sun.reflect.DelegatingConstructorAccessorImpl.newInstance(DelegatingConstructorAccessorImpl.java:27)
	at java.lang.reflect.Constructor.newInstance(Constructor.java:513)
	at org.junit.runners.BlockJUnit4ClassRunner.createTest(BlockJUnit4ClassRunner.java:209)
	at org.junit.runners.BlockJUnit4ClassRunner$1.runReflectiveCall(BlockJUnit4ClassRunner.java:258)
	at org.junit.internal.runners.model.ReflectiveCallable.run(ReflectiveCallable.java:15)
	at org.junit.runners.BlockJUnit4ClassRunner.methodBlock(BlockJUnit4ClassRunner.java:255)
	at org.junit.runners.BlockJUnit4ClassRunner.runNotIgnored(BlockJUnit4ClassRunner.java:79)
	at org.junit.runners.BlockJUnit4ClassRunner.runChild(BlockJUnit4ClassRunner.java:71)
	at org.junit.runners.BlockJUnit4ClassRunner.runChild(BlockJUnit4ClassRunner.java:49)
	at org.junit.runners.ParentRunner$3.run(ParentRunner.java:193)
	at org.junit.runners.ParentRunner$1.schedule(ParentRunner.java:52)
	at org.junit.runners.ParentRunner.runChildren(ParentRunner.java:191)
	at org.junit.runners.ParentRunner.access$000(ParentRunner.java:42)
	at org.junit.runners.ParentRunner$2.evaluate(ParentRunner.java:184)
	at org.junit.runners.ParentRunner.run(ParentRunner.java:236)
	at org.apache.maven.surefire.junit4.JUnit4Provider.execute(JUnit4Provider.java:252)
	at org.apache.maven.surefire.junit4.JUnit4Provider.executeTestSet(JUnit4Provider.java:141)
	at org.apache.maven.surefire.junit4.JUnit4Provider.invoke(JUnit4Provider.java:112)
	at sun.reflect.NativeMethodAccessorImpl.invoke0(Native Method)
	at sun.reflect.NativeMethodAccessorImpl.invoke(NativeMethodAccessorImpl.java:39)
	at sun.reflect.DelegatingMethodAccessorImpl.invoke(DelegatingMethodAccessorImpl.java:25)
	at java.lang.reflect.Method.invoke(Method.java:597)
	at org.apache.maven.surefire.util.ReflectionUtils.invokeMethodWithArray(ReflectionUtils.java:189)
	at org.apache.maven.surefire.booter.ProviderFactory$ProviderProxy.invoke(ProviderFactory.java:165)
	at org.apache.maven.surefire.booter.ProviderFactory.invokeProvider(ProviderFactory.java:85)
	at org.apache.maven.surefire.booter.ForkedBooter.runSuitesInProcess(ForkedBooter.java:115)
	at org.apache.maven.surefire.booter.ForkedBooter.main(ForkedBooter.java:75)

testMostHelpfulFn(de.bitocean.crunchts.sessionization.KnowledgeBaseSessionizationTest)  Time elapsed: 0.001 sec  <<< ERROR!
java.lang.Error: Unresolved compilation problems: 
	The import com.loudacre.data.WebHit cannot be resolved
	WebHit cannot be resolved to a type
	Bound mismatch: The generic method specifics(Class<T>) of type Avros is not applicable for the arguments (Class<WebHit>). The inferred type WebHit is not a valid substitute for the bounded parameter <T extends SpecificRecord>
	WebHit cannot be resolved to a type
	WebHit cannot be resolved to a type
	WebHit cannot be resolved to a type
	WebHit cannot be resolved to a type
	The constructor Pair<String,Pair<Long,WebHit>>(String, Pair<Long,WebHit>) refers to the missing type WebHit
	WebHit cannot be resolved to a type
	WebHit cannot be resolved to a type
	WebHit cannot be resolved to a type
	WebHit cannot be resolved to a type
	The method createWebHitPair(String, long, String) from the type KnowledgeBaseSessionizationTest refers to the missing type WebHit
	The method createWebHitPair(String, long, String) from the type KnowledgeBaseSessionizationTest refers to the missing type WebHit
	The method createWebHitPair(String, long, String) from the type KnowledgeBaseSessionizationTest refers to the missing type WebHit
	WebHit cannot be resolved to a type
	WebHit cannot be resolved to a type
	WebHit cannot be resolved to a type
	WebHit cannot be resolved to a type
	WebHit cannot be resolved to a type
	The method createWebHitPair(String, long, String) from the type KnowledgeBaseSessionizationTest refers to the missing type WebHit
	The method createWebHitPair(String, long, String) from the type KnowledgeBaseSessionizationTest refers to the missing type WebHit
	The method createWebHitPair(String, long, String) from the type KnowledgeBaseSessionizationTest refers to the missing type WebHit
	The method createWebHitPair(String, long, String) from the type KnowledgeBaseSessionizationTest refers to the missing type WebHit
	WebHit cannot be resolved to a type
	WebHit cannot be resolved to a type
	WebHit cannot be resolved to a type
	WebHit cannot be resolved to a type
	WebHit cannot be resolved to a type
	WebHit cannot be resolved to a type

	at de.bitocean.crunchts.sessionization.KnowledgeBaseSessionizationTest.<init>(KnowledgeBaseSessionizationTest.java:18)
	at sun.reflect.NativeConstructorAccessorImpl.newInstance0(Native Method)
	at sun.reflect.NativeConstructorAccessorImpl.newInstance(NativeConstructorAccessorImpl.java:39)
	at sun.reflect.DelegatingConstructorAccessorImpl.newInstance(DelegatingConstructorAccessorImpl.java:27)
	at java.lang.reflect.Constructor.newInstance(Constructor.java:513)
	at org.junit.runners.BlockJUnit4ClassRunner.createTest(BlockJUnit4ClassRunner.java:209)
	at org.junit.runners.BlockJUnit4ClassRunner$1.runReflectiveCall(BlockJUnit4ClassRunner.java:258)
	at org.junit.internal.runners.model.ReflectiveCallable.run(ReflectiveCallable.java:15)
	at org.junit.runners.BlockJUnit4ClassRunner.methodBlock(BlockJUnit4ClassRunner.java:255)
	at org.junit.runners.BlockJUnit4ClassRunner.runNotIgnored(BlockJUnit4ClassRunner.java:79)
	at org.junit.runners.BlockJUnit4ClassRunner.runChild(BlockJUnit4ClassRunner.java:71)
	at org.junit.runners.BlockJUnit4ClassRunner.runChild(BlockJUnit4ClassRunner.java:49)
	at org.junit.runners.ParentRunner$3.run(ParentRunner.java:193)
	at org.junit.runners.ParentRunner$1.schedule(ParentRunner.java:52)
	at org.junit.runners.ParentRunner.runChildren(ParentRunner.java:191)
	at org.junit.runners.ParentRunner.access$000(ParentRunner.java:42)
	at org.junit.runners.ParentRunner$2.evaluate(ParentRunner.java:184)
	at org.junit.runners.ParentRunner.run(ParentRunner.java:236)
	at org.apache.maven.surefire.junit4.JUnit4Provider.execute(JUnit4Provider.java:252)
	at org.apache.maven.surefire.junit4.JUnit4Provider.executeTestSet(JUnit4Provider.java:141)
	at org.apache.maven.surefire.junit4.JUnit4Provider.invoke(JUnit4Provider.java:112)
	at sun.reflect.NativeMethodAccessorImpl.invoke0(Native Method)
	at sun.reflect.NativeMethodAccessorImpl.invoke(NativeMethodAccessorImpl.java:39)
	at sun.reflect.DelegatingMethodAccessorImpl.invoke(DelegatingMethodAccessorImpl.java:25)
	at java.lang.reflect.Method.invoke(Method.java:597)
	at org.apache.maven.surefire.util.ReflectionUtils.invokeMethodWithArray(ReflectionUtils.java:189)
	at org.apache.maven.surefire.booter.ProviderFactory$ProviderProxy.invoke(ProviderFactory.java:165)
	at org.apache.maven.surefire.booter.ProviderFactory.invokeProvider(ProviderFactory.java:85)
	at org.apache.maven.surefire.booter.ForkedBooter.runSuitesInProcess(ForkedBooter.java:115)
	at org.apache.maven.surefire.booter.ForkedBooter.main(ForkedBooter.java:75)

testMostHelpfulFnWithMultipleSessions(de.bitocean.crunchts.sessionization.KnowledgeBaseSessionizationTest)  Time elapsed: 0.001 sec  <<< ERROR!
java.lang.Error: Unresolved compilation problems: 
	The import com.loudacre.data.WebHit cannot be resolved
	WebHit cannot be resolved to a type
	Bound mismatch: The generic method specifics(Class<T>) of type Avros is not applicable for the arguments (Class<WebHit>). The inferred type WebHit is not a valid substitute for the bounded parameter <T extends SpecificRecord>
	WebHit cannot be resolved to a type
	WebHit cannot be resolved to a type
	WebHit cannot be resolved to a type
	WebHit cannot be resolved to a type
	The constructor Pair<String,Pair<Long,WebHit>>(String, Pair<Long,WebHit>) refers to the missing type WebHit
	WebHit cannot be resolved to a type
	WebHit cannot be resolved to a type
	WebHit cannot be resolved to a type
	WebHit cannot be resolved to a type
	The method createWebHitPair(String, long, String) from the type KnowledgeBaseSessionizationTest refers to the missing type WebHit
	The method createWebHitPair(String, long, String) from the type KnowledgeBaseSessionizationTest refers to the missing type WebHit
	The method createWebHitPair(String, long, String) from the type KnowledgeBaseSessionizationTest refers to the missing type WebHit
	WebHit cannot be resolved to a type
	WebHit cannot be resolved to a type
	WebHit cannot be resolved to a type
	WebHit cannot be resolved to a type
	WebHit cannot be resolved to a type
	The method createWebHitPair(String, long, String) from the type KnowledgeBaseSessionizationTest refers to the missing type WebHit
	The method createWebHitPair(String, long, String) from the type KnowledgeBaseSessionizationTest refers to the missing type WebHit
	The method createWebHitPair(String, long, String) from the type KnowledgeBaseSessionizationTest refers to the missing type WebHit
	The method createWebHitPair(String, long, String) from the type KnowledgeBaseSessionizationTest refers to the missing type WebHit
	WebHit cannot be resolved to a type
	WebHit cannot be resolved to a type
	WebHit cannot be resolved to a type
	WebHit cannot be resolved to a type
	WebHit cannot be resolved to a type
	WebHit cannot be resolved to a type

	at de.bitocean.crunchts.sessionization.KnowledgeBaseSessionizationTest.<init>(KnowledgeBaseSessionizationTest.java:18)
	at sun.reflect.NativeConstructorAccessorImpl.newInstance0(Native Method)
	at sun.reflect.NativeConstructorAccessorImpl.newInstance(NativeConstructorAccessorImpl.java:39)
	at sun.reflect.DelegatingConstructorAccessorImpl.newInstance(DelegatingConstructorAccessorImpl.java:27)
	at java.lang.reflect.Constructor.newInstance(Constructor.java:513)
	at org.junit.runners.BlockJUnit4ClassRunner.createTest(BlockJUnit4ClassRunner.java:209)
	at org.junit.runners.BlockJUnit4ClassRunner$1.runReflectiveCall(BlockJUnit4ClassRunner.java:258)
	at org.junit.internal.runners.model.ReflectiveCallable.run(ReflectiveCallable.java:15)
	at org.junit.runners.BlockJUnit4ClassRunner.methodBlock(BlockJUnit4ClassRunner.java:255)
	at org.junit.runners.BlockJUnit4ClassRunner.runNotIgnored(BlockJUnit4ClassRunner.java:79)
	at org.junit.runners.BlockJUnit4ClassRunner.runChild(BlockJUnit4ClassRunner.java:71)
	at org.junit.runners.BlockJUnit4ClassRunner.runChild(BlockJUnit4ClassRunner.java:49)
	at org.junit.runners.ParentRunner$3.run(ParentRunner.java:193)
	at org.junit.runners.ParentRunner$1.schedule(ParentRunner.java:52)
	at org.junit.runners.ParentRunner.runChildren(ParentRunner.java:191)
	at org.junit.runners.ParentRunner.access$000(ParentRunner.java:42)
	at org.junit.runners.ParentRunner$2.evaluate(ParentRunner.java:184)
	at org.junit.runners.ParentRunner.run(ParentRunner.java:236)
	at org.apache.maven.surefire.junit4.JUnit4Provider.execute(JUnit4Provider.java:252)
	at org.apache.maven.surefire.junit4.JUnit4Provider.executeTestSet(JUnit4Provider.java:141)
	at org.apache.maven.surefire.junit4.JUnit4Provider.invoke(JUnit4Provider.java:112)
	at sun.reflect.NativeMethodAccessorImpl.invoke0(Native Method)
	at sun.reflect.NativeMethodAccessorImpl.invoke(NativeMethodAccessorImpl.java:39)
	at sun.reflect.DelegatingMethodAccessorImpl.invoke(DelegatingMethodAccessorImpl.java:25)
	at java.lang.reflect.Method.invoke(Method.java:597)
	at org.apache.maven.surefire.util.ReflectionUtils.invokeMethodWithArray(ReflectionUtils.java:189)
	at org.apache.maven.surefire.booter.ProviderFactory$ProviderProxy.invoke(ProviderFactory.java:165)
	at org.apache.maven.surefire.booter.ProviderFactory.invokeProvider(ProviderFactory.java:85)
	at org.apache.maven.surefire.booter.ForkedBooter.runSuitesInProcess(ForkedBooter.java:115)
	at org.apache.maven.surefire.booter.ForkedBooter.main(ForkedBooter.java:75)

